{"C:/Users/Ilmir/Desktop/JS/stage3/rs-react/src/components/Card.tsx": {"path":"C:/Users/Ilmir/Desktop/JS/stage3/rs-react/src/components/Card.tsx","statementMap":{"0":{"start":{"line":8,"column":4},"end":{"line":8,"column":null}},"1":{"start":{"line":9,"column":4},"end":{"line":9,"column":null}},"2":{"start":{"line":13,"column":57},"end":{"line":13,"column":null}},"3":{"start":{"line":15,"column":4},"end":{"line":26,"column":null}}},"fnMap":{"0":{"name":"(anonymous_0)","decl":{"start":{"line":7,"column":2},"end":{"line":7,"column":14}},"loc":{"start":{"line":7,"column":29},"end":{"line":10,"column":null}}},"1":{"name":"(anonymous_1)","decl":{"start":{"line":12,"column":2},"end":{"line":12,"column":11}},"loc":{"start":{"line":12,"column":11},"end":{"line":28,"column":null}}}},"branchMap":{},"s":{"0":1,"1":1,"2":1,"3":1},"f":{"0":1,"1":1},"b":{}}
,"C:/Users/Ilmir/Desktop/JS/stage3/rs-react/src/components/Form.tsx": {"path":"C:/Users/Ilmir/Desktop/JS/stage3/rs-react/src/components/Form.tsx","statementMap":{"0":{"start":{"line":37,"column":4},"end":{"line":37,"column":null}},"1":{"start":{"line":38,"column":4},"end":{"line":38,"column":null}},"2":{"start":{"line":39,"column":4},"end":{"line":39,"column":null}},"3":{"start":{"line":40,"column":4},"end":{"line":40,"column":null}},"4":{"start":{"line":41,"column":4},"end":{"line":41,"column":null}},"5":{"start":{"line":42,"column":4},"end":{"line":42,"column":null}},"6":{"start":{"line":43,"column":4},"end":{"line":43,"column":null}},"7":{"start":{"line":44,"column":4},"end":{"line":44,"column":null}},"8":{"start":{"line":45,"column":4},"end":{"line":45,"column":null}},"9":{"start":{"line":46,"column":4},"end":{"line":46,"column":null}},"10":{"start":{"line":47,"column":4},"end":{"line":54,"column":null}},"11":{"start":{"line":58,"column":4},"end":{"line":58,"column":null}},"12":{"start":{"line":60,"column":17},"end":{"line":60,"column":null}},"13":{"start":{"line":61,"column":4},"end":{"line":63,"column":null}},"14":{"start":{"line":62,"column":6},"end":{"line":62,"column":null}},"15":{"start":{"line":65,"column":14},"end":{"line":65,"column":null}},"16":{"start":{"line":66,"column":4},"end":{"line":73,"column":null}},"17":{"start":{"line":67,"column":6},"end":{"line":69,"column":null}},"18":{"start":{"line":68,"column":8},"end":{"line":68,"column":null}},"19":{"start":{"line":70,"column":6},"end":{"line":72,"column":null}},"20":{"start":{"line":71,"column":8},"end":{"line":71,"column":null}},"21":{"start":{"line":75,"column":28},"end":{"line":82,"column":null}},"22":{"start":{"line":84,"column":4},"end":{"line":93,"column":null}},"23":{"start":{"line":92,"column":6},"end":{"line":92,"column":null}},"24":{"start":{"line":94,"column":4},"end":{"line":94,"column":null}},"25":{"start":{"line":95,"column":4},"end":{"line":95,"column":null}},"26":{"start":{"line":96,"column":5},"end":{"line":96,"column":null}},"27":{"start":{"line":99,"column":17},"end":{"line":106,"column":null}},"28":{"start":{"line":100,"column":4},"end":{"line":100,"column":null}},"29":{"start":{"line":101,"column":4},"end":{"line":101,"column":null}},"30":{"start":{"line":102,"column":4},"end":{"line":102,"column":null}},"31":{"start":{"line":103,"column":4},"end":{"line":103,"column":null}},"32":{"start":{"line":104,"column":4},"end":{"line":104,"column":null}},"33":{"start":{"line":105,"column":4},"end":{"line":105,"column":null}},"34":{"start":{"line":108,"column":19},"end":{"line":120,"column":null}},"35":{"start":{"line":109,"column":4},"end":{"line":113,"column":null}},"36":{"start":{"line":110,"column":6},"end":{"line":110,"column":null}},"37":{"start":{"line":112,"column":6},"end":{"line":112,"column":null}},"38":{"start":{"line":115,"column":4},"end":{"line":119,"column":null}},"39":{"start":{"line":116,"column":6},"end":{"line":116,"column":null}},"40":{"start":{"line":118,"column":6},"end":{"line":118,"column":null}},"41":{"start":{"line":122,"column":19},"end":{"line":129,"column":null}},"42":{"start":{"line":123,"column":22},"end":{"line":123,"column":null}},"43":{"start":{"line":124,"column":4},"end":{"line":128,"column":null}},"44":{"start":{"line":125,"column":6},"end":{"line":125,"column":null}},"45":{"start":{"line":127,"column":6},"end":{"line":127,"column":null}},"46":{"start":{"line":132,"column":4},"end":{"line":140,"column":null}},"47":{"start":{"line":133,"column":6},"end":{"line":139,"column":null}},"48":{"start":{"line":134,"column":8},"end":{"line":134,"column":null}},"49":{"start":{"line":135,"column":6},"end":{"line":139,"column":null}},"50":{"start":{"line":136,"column":8},"end":{"line":136,"column":null}},"51":{"start":{"line":138,"column":8},"end":{"line":138,"column":null}},"52":{"start":{"line":144,"column":18},"end":{"line":144,"column":null}},"53":{"start":{"line":145,"column":4},"end":{"line":149,"column":null}},"54":{"start":{"line":146,"column":6},"end":{"line":146,"column":null}},"55":{"start":{"line":148,"column":6},"end":{"line":148,"column":null}},"56":{"start":{"line":153,"column":17},"end":{"line":153,"column":null}},"57":{"start":{"line":154,"column":4},"end":{"line":158,"column":null}},"58":{"start":{"line":155,"column":6},"end":{"line":155,"column":null}},"59":{"start":{"line":157,"column":6},"end":{"line":157,"column":null}},"60":{"start":{"line":162,"column":4},"end":{"line":166,"column":null}},"61":{"start":{"line":163,"column":6},"end":{"line":163,"column":null}},"62":{"start":{"line":165,"column":6},"end":{"line":165,"column":null}},"63":{"start":{"line":170,"column":4},"end":{"line":258,"column":null}},"64":{"start":{"line":245,"column":14},"end":{"line":245,"column":null}}},"fnMap":{"0":{"name":"(anonymous_0)","decl":{"start":{"line":36,"column":2},"end":{"line":36,"column":14}},"loc":{"start":{"line":36,"column":32},"end":{"line":55,"column":null}}},"1":{"name":"(anonymous_1)","decl":{"start":{"line":57,"column":2},"end":{"line":57,"column":15}},"loc":{"start":{"line":57,"column":39},"end":{"line":97,"column":null}}},"2":{"name":"(anonymous_2)","decl":{"start":{"line":99,"column":17},"end":{"line":99,"column":23}},"loc":{"start":{"line":99,"column":23},"end":{"line":106,"column":null}}},"3":{"name":"(anonymous_3)","decl":{"start":{"line":108,"column":19},"end":{"line":108,"column":25}},"loc":{"start":{"line":108,"column":25},"end":{"line":120,"column":null}}},"4":{"name":"(anonymous_4)","decl":{"start":{"line":122,"column":19},"end":{"line":122,"column":25}},"loc":{"start":{"line":122,"column":25},"end":{"line":129,"column":null}}},"5":{"name":"(anonymous_5)","decl":{"start":{"line":131,"column":2},"end":{"line":131,"column":18}},"loc":{"start":{"line":131,"column":18},"end":{"line":141,"column":null}}},"6":{"name":"(anonymous_6)","decl":{"start":{"line":143,"column":2},"end":{"line":143,"column":21}},"loc":{"start":{"line":143,"column":21},"end":{"line":150,"column":null}}},"7":{"name":"(anonymous_7)","decl":{"start":{"line":152,"column":2},"end":{"line":152,"column":20}},"loc":{"start":{"line":152,"column":20},"end":{"line":159,"column":null}}},"8":{"name":"(anonymous_8)","decl":{"start":{"line":161,"column":2},"end":{"line":161,"column":23}},"loc":{"start":{"line":161,"column":23},"end":{"line":167,"column":null}}},"9":{"name":"(anonymous_9)","decl":{"start":{"line":169,"column":2},"end":{"line":169,"column":11}},"loc":{"start":{"line":169,"column":11},"end":{"line":260,"column":null}}},"10":{"name":"(anonymous_10)","decl":{"start":{"line":244,"column":21},"end":{"line":244,"column":27}},"loc":{"start":{"line":244,"column":27},"end":{"line":246,"column":null}}}},"branchMap":{"0":{"loc":{"start":{"line":61,"column":4},"end":{"line":63,"column":null}},"type":"if","locations":[{"start":{"line":61,"column":4},"end":{"line":63,"column":null}},{"start":{"line":61,"column":4},"end":{"line":63,"column":null}}]},"1":{"loc":{"start":{"line":61,"column":8},"end":{"line":61,"column":74}},"type":"binary-expr","locations":[{"start":{"line":61,"column":8},"end":{"line":61,"column":39}},{"start":{"line":61,"column":39},"end":{"line":61,"column":74}}]},"2":{"loc":{"start":{"line":66,"column":4},"end":{"line":73,"column":null}},"type":"if","locations":[{"start":{"line":66,"column":4},"end":{"line":73,"column":null}},{"start":{"line":66,"column":4},"end":{"line":73,"column":null}}]},"3":{"loc":{"start":{"line":66,"column":8},"end":{"line":66,"column":66}},"type":"binary-expr","locations":[{"start":{"line":66,"column":8},"end":{"line":66,"column":37}},{"start":{"line":66,"column":37},"end":{"line":66,"column":66}}]},"4":{"loc":{"start":{"line":67,"column":6},"end":{"line":69,"column":null}},"type":"if","locations":[{"start":{"line":67,"column":6},"end":{"line":69,"column":null}},{"start":{"line":67,"column":6},"end":{"line":69,"column":null}}]},"5":{"loc":{"start":{"line":70,"column":6},"end":{"line":72,"column":null}},"type":"if","locations":[{"start":{"line":70,"column":6},"end":{"line":72,"column":null}},{"start":{"line":70,"column":6},"end":{"line":72,"column":null}}]},"6":{"loc":{"start":{"line":76,"column":12},"end":{"line":76,"column":null}},"type":"binary-expr","locations":[{"start":{"line":76,"column":12},"end":{"line":76,"column":48}},{"start":{"line":76,"column":48},"end":{"line":76,"column":null}}]},"7":{"loc":{"start":{"line":77,"column":16},"end":{"line":77,"column":null}},"type":"binary-expr","locations":[{"start":{"line":77,"column":16},"end":{"line":77,"column":56}},{"start":{"line":77,"column":56},"end":{"line":77,"column":null}}]},"8":{"loc":{"start":{"line":78,"column":16},"end":{"line":78,"column":null}},"type":"binary-expr","locations":[{"start":{"line":78,"column":16},"end":{"line":78,"column":57}},{"start":{"line":78,"column":57},"end":{"line":78,"column":null}}]},"9":{"loc":{"start":{"line":80,"column":13},"end":{"line":80,"column":null}},"type":"binary-expr","locations":[{"start":{"line":80,"column":13},"end":{"line":80,"column":52}},{"start":{"line":80,"column":52},"end":{"line":80,"column":null}}]},"10":{"loc":{"start":{"line":84,"column":4},"end":{"line":93,"column":null}},"type":"if","locations":[{"start":{"line":84,"column":4},"end":{"line":93,"column":null}},{"start":{"line":84,"column":4},"end":{"line":93,"column":null}}]},"11":{"loc":{"start":{"line":85,"column":6},"end":{"line":90,"column":null}},"type":"binary-expr","locations":[{"start":{"line":85,"column":6},"end":{"line":85,"column":null}},{"start":{"line":86,"column":6},"end":{"line":86,"column":null}},{"start":{"line":87,"column":6},"end":{"line":87,"column":null}},{"start":{"line":88,"column":6},"end":{"line":88,"column":null}},{"start":{"line":89,"column":6},"end":{"line":89,"column":null}},{"start":{"line":90,"column":6},"end":{"line":90,"column":null}}]},"12":{"loc":{"start":{"line":109,"column":4},"end":{"line":113,"column":null}},"type":"if","locations":[{"start":{"line":109,"column":4},"end":{"line":113,"column":null}},{"start":{"line":111,"column":11},"end":{"line":113,"column":null}}]},"13":{"loc":{"start":{"line":115,"column":4},"end":{"line":119,"column":null}},"type":"if","locations":[{"start":{"line":115,"column":4},"end":{"line":119,"column":null}},{"start":{"line":117,"column":11},"end":{"line":119,"column":null}}]},"14":{"loc":{"start":{"line":124,"column":4},"end":{"line":128,"column":null}},"type":"if","locations":[{"start":{"line":124,"column":4},"end":{"line":128,"column":null}},{"start":{"line":126,"column":11},"end":{"line":128,"column":null}}]},"15":{"loc":{"start":{"line":132,"column":4},"end":{"line":140,"column":null}},"type":"if","locations":[{"start":{"line":132,"column":4},"end":{"line":140,"column":null}},{"start":{"line":132,"column":4},"end":{"line":140,"column":null}}]},"16":{"loc":{"start":{"line":132,"column":8},"end":{"line":132,"column":66}},"type":"binary-expr","locations":[{"start":{"line":132,"column":8},"end":{"line":132,"column":37}},{"start":{"line":132,"column":37},"end":{"line":132,"column":66}}]},"17":{"loc":{"start":{"line":133,"column":6},"end":{"line":139,"column":null}},"type":"if","locations":[{"start":{"line":133,"column":6},"end":{"line":139,"column":null}},{"start":{"line":135,"column":6},"end":{"line":139,"column":null}}]},"18":{"loc":{"start":{"line":135,"column":6},"end":{"line":139,"column":null}},"type":"if","locations":[{"start":{"line":135,"column":6},"end":{"line":139,"column":null}},{"start":{"line":137,"column":13},"end":{"line":139,"column":null}}]},"19":{"loc":{"start":{"line":145,"column":4},"end":{"line":149,"column":null}},"type":"if","locations":[{"start":{"line":145,"column":4},"end":{"line":149,"column":null}},{"start":{"line":147,"column":11},"end":{"line":149,"column":null}}]},"20":{"loc":{"start":{"line":154,"column":4},"end":{"line":158,"column":null}},"type":"if","locations":[{"start":{"line":154,"column":4},"end":{"line":158,"column":null}},{"start":{"line":156,"column":11},"end":{"line":158,"column":null}}]},"21":{"loc":{"start":{"line":162,"column":4},"end":{"line":166,"column":null}},"type":"if","locations":[{"start":{"line":162,"column":4},"end":{"line":166,"column":null}},{"start":{"line":164,"column":11},"end":{"line":166,"column":null}}]},"22":{"loc":{"start":{"line":183,"column":9},"end":{"line":184,"column":null}},"type":"binary-expr","locations":[{"start":{"line":183,"column":9},"end":{"line":183,"column":null}},{"start":{"line":184,"column":10},"end":{"line":184,"column":null}}]},"23":{"loc":{"start":{"line":190,"column":9},"end":{"line":190,"column":null}},"type":"binary-expr","locations":[{"start":{"line":190,"column":9},"end":{"line":190,"column":38}},{"start":{"line":190,"column":38},"end":{"line":190,"column":null}}]},"24":{"loc":{"start":{"line":207,"column":9},"end":{"line":207,"column":null}},"type":"binary-expr","locations":[{"start":{"line":207,"column":9},"end":{"line":207,"column":42}},{"start":{"line":207,"column":42},"end":{"line":207,"column":null}}]},"25":{"loc":{"start":{"line":231,"column":9},"end":{"line":231,"column":null}},"type":"binary-expr","locations":[{"start":{"line":231,"column":9},"end":{"line":231,"column":37}},{"start":{"line":231,"column":37},"end":{"line":231,"column":null}}]},"26":{"loc":{"start":{"line":249,"column":9},"end":{"line":249,"column":null}},"type":"binary-expr","locations":[{"start":{"line":249,"column":9},"end":{"line":249,"column":40}},{"start":{"line":249,"column":40},"end":{"line":249,"column":null}}]},"27":{"loc":{"start":{"line":254,"column":9},"end":{"line":254,"column":null}},"type":"binary-expr","locations":[{"start":{"line":254,"column":9},"end":{"line":254,"column":39}},{"start":{"line":254,"column":39},"end":{"line":254,"column":null}}]}},"s":{"0":3,"1":3,"2":3,"3":3,"4":3,"5":3,"6":3,"7":3,"8":3,"9":3,"10":3,"11":2,"12":2,"13":2,"14":2,"15":0,"16":0,"17":0,"18":0,"19":0,"20":0,"21":0,"22":0,"23":0,"24":0,"25":0,"26":0,"27":3,"28":2,"29":2,"30":2,"31":2,"32":2,"33":2,"34":3,"35":2,"36":1,"37":1,"38":2,"39":2,"40":0,"41":3,"42":2,"43":2,"44":2,"45":0,"46":2,"47":2,"48":0,"49":2,"50":0,"51":2,"52":2,"53":2,"54":2,"55":0,"56":2,"57":2,"58":0,"59":2,"60":2,"61":2,"62":0,"63":5,"64":0},"f":{"0":3,"1":2,"2":2,"3":2,"4":2,"5":2,"6":2,"7":2,"8":2,"9":5,"10":0},"b":{"0":[2,0],"1":[2,2],"2":[0,0],"3":[0,0],"4":[0,0],"5":[0,0],"6":[0,0],"7":[0,0],"8":[0,0],"9":[0,0],"10":[0,0],"11":[0,0,0,0,0,0],"12":[1,1],"13":[2,0],"14":[2,0],"15":[2,0],"16":[2,2],"17":[0,2],"18":[0,2],"19":[2,0],"20":[0,2],"21":[2,0],"22":[5,2],"23":[5,2],"24":[5,2],"25":[5,2],"26":[5,2],"27":[5,2]}}
,"C:/Users/Ilmir/Desktop/JS/stage3/rs-react/src/components/FormCard.tsx": {"path":"C:/Users/Ilmir/Desktop/JS/stage3/rs-react/src/components/FormCard.tsx","statementMap":{"0":{"start":{"line":6,"column":17},"end":{"line":10,"column":null}},"1":{"start":{"line":7,"column":17},"end":{"line":7,"column":null}},"2":{"start":{"line":8,"column":16},"end":{"line":8,"column":null}},"3":{"start":{"line":9,"column":4},"end":{"line":9,"column":null}},"4":{"start":{"line":12,"column":50},"end":{"line":12,"column":null}},"5":{"start":{"line":13,"column":2},"end":{"line":20,"column":null}}},"fnMap":{"0":{"name":"FormCard","decl":{"start":{"line":5,"column":9},"end":{"line":5,"column":18}},"loc":{"start":{"line":5,"column":36},"end":{"line":22,"column":null}}},"1":{"name":"(anonymous_1)","decl":{"start":{"line":6,"column":17},"end":{"line":6,"column":18}},"loc":{"start":{"line":6,"column":40},"end":{"line":10,"column":null}}}},"branchMap":{},"s":{"0":0,"1":0,"2":0,"3":0,"4":0,"5":0},"f":{"0":0,"1":0},"b":{}}
,"C:/Users/Ilmir/Desktop/JS/stage3/rs-react/src/components/Search.tsx": {"path":"C:/Users/Ilmir/Desktop/JS/stage3/rs-react/src/components/Search.tsx","statementMap":{"0":{"start":{"line":16,"column":4},"end":{"line":16,"column":null}},"1":{"start":{"line":17,"column":4},"end":{"line":19,"column":null}},"2":{"start":{"line":23,"column":19},"end":{"line":23,"column":null}},"3":{"start":{"line":24,"column":4},"end":{"line":26,"column":null}},"4":{"start":{"line":25,"column":6},"end":{"line":25,"column":null}},"5":{"start":{"line":29,"column":17},"end":{"line":33,"column":null}},"6":{"start":{"line":30,"column":18},"end":{"line":30,"column":null}},"7":{"start":{"line":31,"column":22},"end":{"line":31,"column":null}},"8":{"start":{"line":32,"column":4},"end":{"line":32,"column":null}},"9":{"start":{"line":35,"column":21},"end":{"line":38,"column":null}},"10":{"start":{"line":36,"column":23},"end":{"line":36,"column":null}},"11":{"start":{"line":37,"column":4},"end":{"line":37,"column":null}},"12":{"start":{"line":41,"column":23},"end":{"line":41,"column":null}},"13":{"start":{"line":42,"column":4},"end":{"line":59,"column":null}}},"fnMap":{"0":{"name":"(anonymous_0)","decl":{"start":{"line":15,"column":2},"end":{"line":15,"column":14}},"loc":{"start":{"line":15,"column":30},"end":{"line":20,"column":null}}},"1":{"name":"(anonymous_1)","decl":{"start":{"line":22,"column":2},"end":{"line":22,"column":22}},"loc":{"start":{"line":22,"column":22},"end":{"line":27,"column":null}}},"2":{"name":"(anonymous_2)","decl":{"start":{"line":29,"column":17},"end":{"line":29,"column":18}},"loc":{"start":{"line":29,"column":65},"end":{"line":33,"column":null}}},"3":{"name":"(anonymous_3)","decl":{"start":{"line":35,"column":21},"end":{"line":35,"column":27}},"loc":{"start":{"line":35,"column":27},"end":{"line":38,"column":null}}},"4":{"name":"(anonymous_4)","decl":{"start":{"line":40,"column":2},"end":{"line":40,"column":11}},"loc":{"start":{"line":40,"column":11},"end":{"line":61,"column":null}}}},"branchMap":{"0":{"loc":{"start":{"line":24,"column":4},"end":{"line":26,"column":null}},"type":"if","locations":[{"start":{"line":24,"column":4},"end":{"line":26,"column":null}},{"start":{"line":24,"column":4},"end":{"line":26,"column":null}}]}},"s":{"0":1,"1":1,"2":1,"3":1,"4":1,"5":1,"6":0,"7":0,"8":0,"9":1,"10":0,"11":0,"12":2,"13":2},"f":{"0":1,"1":1,"2":0,"3":0,"4":2},"b":{"0":[1,0]}}
,"C:/Users/Ilmir/Desktop/JS/stage3/rs-react/src/pages/FormPage.tsx": {"path":"C:/Users/Ilmir/Desktop/JS/stage3/rs-react/src/pages/FormPage.tsx","statementMap":{"0":{"start":{"line":16,"column":4},"end":{"line":16,"column":null}},"1":{"start":{"line":17,"column":4},"end":{"line":19,"column":null}},"2":{"start":{"line":23,"column":4},"end":{"line":23,"column":null}},"3":{"start":{"line":23,"column":45},"end":{"line":23,"column":79}},"4":{"start":{"line":27,"column":4},"end":{"line":27,"column":null}},"5":{"start":{"line":28,"column":22},"end":{"line":28,"column":null}},"6":{"start":{"line":29,"column":4},"end":{"line":40,"column":null}},"7":{"start":{"line":33,"column":38},"end":{"line":33,"column":61}},"8":{"start":{"line":37,"column":12},"end":{"line":37,"column":null}}},"fnMap":{"0":{"name":"(anonymous_0)","decl":{"start":{"line":15,"column":2},"end":{"line":15,"column":14}},"loc":{"start":{"line":15,"column":36},"end":{"line":20,"column":null}}},"1":{"name":"(anonymous_1)","decl":{"start":{"line":22,"column":2},"end":{"line":22,"column":13}},"loc":{"start":{"line":22,"column":30},"end":{"line":24,"column":null}}},"2":{"name":"(anonymous_2)","decl":{"start":{"line":23,"column":18},"end":{"line":23,"column":19}},"loc":{"start":{"line":23,"column":45},"end":{"line":23,"column":79}}},"3":{"name":"(anonymous_3)","decl":{"start":{"line":26,"column":2},"end":{"line":26,"column":11}},"loc":{"start":{"line":26,"column":11},"end":{"line":42,"column":null}}},"4":{"name":"(anonymous_4)","decl":{"start":{"line":33,"column":28},"end":{"line":33,"column":29}},"loc":{"start":{"line":33,"column":38},"end":{"line":33,"column":61}}},"5":{"name":"(anonymous_5)","decl":{"start":{"line":36,"column":21},"end":{"line":36,"column":22}},"loc":{"start":{"line":37,"column":12},"end":{"line":37,"column":null}}}},"branchMap":{},"s":{"0":1,"1":1,"2":0,"3":0,"4":1,"5":1,"6":1,"7":0,"8":0},"f":{"0":1,"1":0,"2":0,"3":1,"4":0,"5":0},"b":{}}
}
