{"C:/Users/Ilmir/Desktop/JS/stage3/rs-react/src/App.tsx": {"path":"C:/Users/Ilmir/Desktop/JS/stage3/rs-react/src/App.tsx","statementMap":{"0":{"start":{"line":11,"column":2},"end":{"line":20,"column":null}}},"fnMap":{"0":{"name":"App","decl":{"start":{"line":10,"column":9},"end":{"line":10,"column":15}},"loc":{"start":{"line":10,"column":15},"end":{"line":22,"column":null}}}},"branchMap":{},"s":{"0":2},"f":{"0":2},"b":{}}
,"C:/Users/Ilmir/Desktop/JS/stage3/rs-react/src/components/Card.tsx": {"path":"C:/Users/Ilmir/Desktop/JS/stage3/rs-react/src/components/Card.tsx","statementMap":{"0":{"start":{"line":8,"column":30},"end":{"line":8,"column":null}},"1":{"start":{"line":10,"column":2},"end":{"line":36,"column":null}},"2":{"start":{"line":18,"column":55},"end":{"line":18,"column":72}},"3":{"start":{"line":21,"column":42},"end":{"line":21,"column":null}}},"fnMap":{"0":{"name":"Card","decl":{"start":{"line":7,"column":9},"end":{"line":7,"column":14}},"loc":{"start":{"line":7,"column":29},"end":{"line":38,"column":null}}},"1":{"name":"(anonymous_1)","decl":{"start":{"line":18,"column":49},"end":{"line":18,"column":55}},"loc":{"start":{"line":18,"column":55},"end":{"line":18,"column":72}}},"2":{"name":"(anonymous_2)","decl":{"start":{"line":21,"column":36},"end":{"line":21,"column":42}},"loc":{"start":{"line":21,"column":42},"end":{"line":21,"column":null}}}},"branchMap":{},"s":{"0":3,"1":3,"2":0,"3":0},"f":{"0":3,"1":0,"2":0},"b":{}}
,"C:/Users/Ilmir/Desktop/JS/stage3/rs-react/src/components/CardList.tsx": {"path":"C:/Users/Ilmir/Desktop/JS/stage3/rs-react/src/components/CardList.tsx","statementMap":{"0":{"start":{"line":9,"column":28},"end":{"line":9,"column":null}},"1":{"start":{"line":10,"column":39},"end":{"line":10,"column":null}},"2":{"start":{"line":11,"column":26},"end":{"line":11,"column":null}},"3":{"start":{"line":12,"column":40},"end":{"line":12,"column":null}},"4":{"start":{"line":14,"column":25},"end":{"line":14,"column":null}},"5":{"start":{"line":15,"column":22},"end":{"line":15,"column":null}},"6":{"start":{"line":17,"column":2},"end":{"line":24,"column":null}},"7":{"start":{"line":18,"column":26},"end":{"line":20,"column":null}},"8":{"start":{"line":19,"column":6},"end":{"line":19,"column":null}},"9":{"start":{"line":22,"column":4},"end":{"line":22,"column":null}},"10":{"start":{"line":23,"column":4},"end":{"line":23,"column":null}},"11":{"start":{"line":23,"column":17},"end":{"line":23,"column":null}},"12":{"start":{"line":26,"column":2},"end":{"line":60,"column":null}},"13":{"start":{"line":27,"column":4},"end":{"line":59,"column":null}},"14":{"start":{"line":28,"column":6},"end":{"line":41,"column":null}},"15":{"start":{"line":29,"column":23},"end":{"line":29,"column":33}},"16":{"start":{"line":32,"column":12},"end":{"line":32,"column":null}},"17":{"start":{"line":35,"column":12},"end":{"line":39,"column":null}},"18":{"start":{"line":42,"column":6},"end":{"line":42,"column":null}},"19":{"start":{"line":44,"column":6},"end":{"line":57,"column":null}},"20":{"start":{"line":45,"column":23},"end":{"line":45,"column":33}},"21":{"start":{"line":48,"column":12},"end":{"line":48,"column":null}},"22":{"start":{"line":51,"column":12},"end":{"line":55,"column":null}},"23":{"start":{"line":58,"column":6},"end":{"line":58,"column":null}},"24":{"start":{"line":62,"column":2},"end":{"line":64,"column":null}},"25":{"start":{"line":63,"column":4},"end":{"line":63,"column":null}},"26":{"start":{"line":65,"column":2},"end":{"line":67,"column":null}},"27":{"start":{"line":66,"column":4},"end":{"line":66,"column":null}},"28":{"start":{"line":69,"column":2},"end":{"line":118,"column":null}},"29":{"start":{"line":75,"column":14},"end":{"line":77,"column":null}},"30":{"start":{"line":90,"column":16},"end":{"line":90,"column":null}},"31":{"start":{"line":91,"column":16},"end":{"line":91,"column":null}},"32":{"start":{"line":105,"column":16},"end":{"line":105,"column":null}},"33":{"start":{"line":106,"column":16},"end":{"line":106,"column":null}}},"fnMap":{"0":{"name":"CardList","decl":{"start":{"line":8,"column":9},"end":{"line":8,"column":20}},"loc":{"start":{"line":8,"column":20},"end":{"line":120,"column":null}}},"1":{"name":"(anonymous_1)","decl":{"start":{"line":17,"column":12},"end":{"line":17,"column":18}},"loc":{"start":{"line":17,"column":18},"end":{"line":24,"column":5}}},"2":{"name":"(anonymous_2)","decl":{"start":{"line":18,"column":26},"end":{"line":18,"column":32}},"loc":{"start":{"line":18,"column":32},"end":{"line":20,"column":null}}},"3":{"name":"(anonymous_3)","decl":{"start":{"line":23,"column":11},"end":{"line":23,"column":17}},"loc":{"start":{"line":23,"column":17},"end":{"line":23,"column":null}}},"4":{"name":"(anonymous_4)","decl":{"start":{"line":26,"column":12},"end":{"line":26,"column":18}},"loc":{"start":{"line":26,"column":18},"end":{"line":60,"column":5}}},"5":{"name":"(anonymous_5)","decl":{"start":{"line":29,"column":14},"end":{"line":29,"column":15}},"loc":{"start":{"line":29,"column":23},"end":{"line":29,"column":33}}},"6":{"name":"(anonymous_6)","decl":{"start":{"line":31,"column":10},"end":{"line":31,"column":11}},"loc":{"start":{"line":31,"column":22},"end":{"line":33,"column":null}}},"7":{"name":"(anonymous_7)","decl":{"start":{"line":34,"column":10},"end":{"line":34,"column":11}},"loc":{"start":{"line":34,"column":21},"end":{"line":40,"column":null}}},"8":{"name":"(anonymous_8)","decl":{"start":{"line":45,"column":14},"end":{"line":45,"column":15}},"loc":{"start":{"line":45,"column":23},"end":{"line":45,"column":33}}},"9":{"name":"(anonymous_9)","decl":{"start":{"line":47,"column":10},"end":{"line":47,"column":11}},"loc":{"start":{"line":47,"column":22},"end":{"line":49,"column":null}}},"10":{"name":"(anonymous_10)","decl":{"start":{"line":50,"column":10},"end":{"line":50,"column":11}},"loc":{"start":{"line":50,"column":21},"end":{"line":56,"column":null}}},"11":{"name":"(anonymous_11)","decl":{"start":{"line":74,"column":22},"end":{"line":74,"column":23}},"loc":{"start":{"line":75,"column":14},"end":{"line":77,"column":null}}},"12":{"name":"(anonymous_12)","decl":{"start":{"line":89,"column":23},"end":{"line":89,"column":29}},"loc":{"start":{"line":89,"column":29},"end":{"line":92,"column":null}}},"13":{"name":"(anonymous_13)","decl":{"start":{"line":104,"column":23},"end":{"line":104,"column":29}},"loc":{"start":{"line":104,"column":29},"end":{"line":107,"column":null}}}},"branchMap":{"0":{"loc":{"start":{"line":12,"column":49},"end":{"line":12,"column":85}},"type":"binary-expr","locations":[{"start":{"line":12,"column":49},"end":{"line":12,"column":83}},{"start":{"line":12,"column":83},"end":{"line":12,"column":85}}]},"1":{"loc":{"start":{"line":19,"column":21},"end":{"line":19,"column":57}},"type":"binary-expr","locations":[{"start":{"line":19,"column":21},"end":{"line":19,"column":55}},{"start":{"line":19,"column":55},"end":{"line":19,"column":57}}]},"2":{"loc":{"start":{"line":27,"column":4},"end":{"line":59,"column":null}},"type":"if","locations":[{"start":{"line":27,"column":4},"end":{"line":59,"column":null}},{"start":{"line":43,"column":11},"end":{"line":59,"column":null}}]},"3":{"loc":{"start":{"line":62,"column":2},"end":{"line":64,"column":null}},"type":"if","locations":[{"start":{"line":62,"column":2},"end":{"line":64,"column":null}},{"start":{"line":62,"column":2},"end":{"line":64,"column":null}}]},"4":{"loc":{"start":{"line":65,"column":2},"end":{"line":67,"column":null}},"type":"if","locations":[{"start":{"line":65,"column":2},"end":{"line":67,"column":null}},{"start":{"line":65,"column":2},"end":{"line":67,"column":null}}]},"5":{"loc":{"start":{"line":72,"column":9},"end":{"line":81,"column":null}},"type":"cond-expr","locations":[{"start":{"line":73,"column":10},"end":{"line":79,"column":null}},{"start":{"line":81,"column":10},"end":{"line":81,"column":null}}]},"6":{"loc":{"start":{"line":73,"column":10},"end":{"line":79,"column":null}},"type":"cond-expr","locations":[{"start":{"line":74,"column":12},"end":{"line":78,"column":null}},{"start":{"line":79,"column":14},"end":{"line":79,"column":null}}]},"7":{"loc":{"start":{"line":84,"column":7},"end":{"line":117,"column":null}},"type":"cond-expr","locations":[{"start":{"line":85,"column":8},"end":{"line":116,"column":null}},{"start":{"line":117,"column":10},"end":{"line":117,"column":null}}]},"8":{"loc":{"start":{"line":86,"column":11},"end":{"line":99,"column":null}},"type":"cond-expr","locations":[{"start":{"line":87,"column":12},"end":{"line":95,"column":null}},{"start":{"line":97,"column":12},"end":{"line":99,"column":null}}]},"9":{"loc":{"start":{"line":101,"column":11},"end":{"line":114,"column":null}},"type":"cond-expr","locations":[{"start":{"line":102,"column":12},"end":{"line":110,"column":null}},{"start":{"line":112,"column":12},"end":{"line":114,"column":null}}]}},"s":{"0":6,"1":6,"2":6,"3":6,"4":6,"5":6,"6":6,"7":2,"8":0,"9":2,"10":2,"11":2,"12":6,"13":2,"14":0,"15":0,"16":0,"17":0,"18":0,"19":2,"20":2,"21":2,"22":0,"23":2,"24":6,"25":0,"26":6,"27":4,"28":2,"29":2,"30":0,"31":0,"32":0,"33":0},"f":{"0":6,"1":2,"2":0,"3":2,"4":2,"5":0,"6":0,"7":0,"8":2,"9":2,"10":0,"11":2,"12":0,"13":0},"b":{"0":[6,6],"1":[0,0],"2":[0,2],"3":[0,6],"4":[4,2],"5":[2,0],"6":[2,0],"7":[0,2],"8":[0,0],"9":[0,0]}}
,"C:/Users/Ilmir/Desktop/JS/stage3/rs-react/src/components/Form.tsx": {"path":"C:/Users/Ilmir/Desktop/JS/stage3/rs-react/src/components/Form.tsx","statementMap":{"0":{"start":{"line":28,"column":6},"end":{"line":28,"column":null}},"1":{"start":{"line":30,"column":19},"end":{"line":43,"column":null}},"2":{"start":{"line":31,"column":32},"end":{"line":38,"column":null}},"3":{"start":{"line":40,"column":4},"end":{"line":40,"column":null}},"4":{"start":{"line":41,"column":4},"end":{"line":41,"column":null}},"5":{"start":{"line":42,"column":4},"end":{"line":42,"column":null}},"6":{"start":{"line":45,"column":2},"end":{"line":150,"column":null}},"7":{"start":{"line":131,"column":12},"end":{"line":131,"column":null}}},"fnMap":{"0":{"name":"Form","decl":{"start":{"line":22,"column":9},"end":{"line":22,"column":14}},"loc":{"start":{"line":22,"column":41},"end":{"line":152,"column":null}}},"1":{"name":"(anonymous_1)","decl":{"start":{"line":30,"column":19},"end":{"line":30,"column":20}},"loc":{"start":{"line":30,"column":41},"end":{"line":43,"column":null}}},"2":{"name":"(anonymous_2)","decl":{"start":{"line":130,"column":19},"end":{"line":130,"column":25}},"loc":{"start":{"line":130,"column":25},"end":{"line":132,"column":null}}}},"branchMap":{"0":{"loc":{"start":{"line":32,"column":12},"end":{"line":32,"column":null}},"type":"binary-expr","locations":[{"start":{"line":32,"column":12},"end":{"line":32,"column":25}},{"start":{"line":32,"column":25},"end":{"line":32,"column":null}}]},"1":{"loc":{"start":{"line":33,"column":11},"end":{"line":33,"column":null}},"type":"binary-expr","locations":[{"start":{"line":33,"column":11},"end":{"line":33,"column":24}},{"start":{"line":33,"column":24},"end":{"line":33,"column":null}}]},"2":{"loc":{"start":{"line":34,"column":16},"end":{"line":34,"column":null}},"type":"binary-expr","locations":[{"start":{"line":34,"column":16},"end":{"line":34,"column":29}},{"start":{"line":34,"column":29},"end":{"line":34,"column":null}}]},"3":{"loc":{"start":{"line":35,"column":16},"end":{"line":35,"column":null}},"type":"binary-expr","locations":[{"start":{"line":35,"column":16},"end":{"line":35,"column":33}},{"start":{"line":35,"column":33},"end":{"line":35,"column":null}}]},"4":{"loc":{"start":{"line":36,"column":13},"end":{"line":36,"column":null}},"type":"binary-expr","locations":[{"start":{"line":36,"column":13},"end":{"line":36,"column":27}},{"start":{"line":36,"column":27},"end":{"line":36,"column":null}}]},"5":{"loc":{"start":{"line":60,"column":7},"end":{"line":60,"column":null}},"type":"binary-expr","locations":[{"start":{"line":60,"column":7},"end":{"line":60,"column":22}},{"start":{"line":60,"column":22},"end":{"line":60,"column":null}}]},"6":{"loc":{"start":{"line":71,"column":7},"end":{"line":71,"column":null}},"type":"binary-expr","locations":[{"start":{"line":71,"column":7},"end":{"line":71,"column":22}},{"start":{"line":71,"column":22},"end":{"line":71,"column":null}}]},"7":{"loc":{"start":{"line":89,"column":7},"end":{"line":89,"column":null}},"type":"binary-expr","locations":[{"start":{"line":89,"column":7},"end":{"line":89,"column":26}},{"start":{"line":89,"column":26},"end":{"line":89,"column":null}}]},"8":{"loc":{"start":{"line":115,"column":7},"end":{"line":115,"column":null}},"type":"binary-expr","locations":[{"start":{"line":115,"column":7},"end":{"line":115,"column":21}},{"start":{"line":115,"column":21},"end":{"line":115,"column":null}}]},"9":{"loc":{"start":{"line":135,"column":7},"end":{"line":135,"column":null}},"type":"binary-expr","locations":[{"start":{"line":135,"column":7},"end":{"line":135,"column":24}},{"start":{"line":135,"column":24},"end":{"line":135,"column":null}}]},"10":{"loc":{"start":{"line":146,"column":7},"end":{"line":146,"column":null}},"type":"binary-expr","locations":[{"start":{"line":146,"column":7},"end":{"line":146,"column":23}},{"start":{"line":146,"column":23},"end":{"line":146,"column":null}}]}},"s":{"0":4,"1":4,"2":0,"3":0,"4":0,"5":0,"6":4,"7":0},"f":{"0":4,"1":0,"2":0},"b":{"0":[0,0],"1":[0,0],"2":[0,0],"3":[0,0],"4":[0,0],"5":[4,0],"6":[4,0],"7":[4,0],"8":[4,0],"9":[4,0],"10":[4,0]}}
,"C:/Users/Ilmir/Desktop/JS/stage3/rs-react/src/components/FormCard.tsx": {"path":"C:/Users/Ilmir/Desktop/JS/stage3/rs-react/src/components/FormCard.tsx","statementMap":{"0":{"start":{"line":6,"column":17},"end":{"line":10,"column":null}},"1":{"start":{"line":7,"column":17},"end":{"line":7,"column":null}},"2":{"start":{"line":8,"column":16},"end":{"line":8,"column":null}},"3":{"start":{"line":9,"column":4},"end":{"line":9,"column":null}},"4":{"start":{"line":12,"column":2},"end":{"line":19,"column":null}}},"fnMap":{"0":{"name":"FormCard","decl":{"start":{"line":5,"column":9},"end":{"line":5,"column":18}},"loc":{"start":{"line":5,"column":36},"end":{"line":21,"column":null}}},"1":{"name":"(anonymous_1)","decl":{"start":{"line":6,"column":17},"end":{"line":6,"column":18}},"loc":{"start":{"line":6,"column":40},"end":{"line":10,"column":null}}}},"branchMap":{},"s":{"0":1,"1":1,"2":1,"3":1,"4":1},"f":{"0":1,"1":1},"b":{}}
,"C:/Users/Ilmir/Desktop/JS/stage3/rs-react/src/components/Header.tsx": {"path":"C:/Users/Ilmir/Desktop/JS/stage3/rs-react/src/components/Header.tsx","statementMap":{"0":{"start":{"line":7,"column":2},"end":{"line":29,"column":null}},"1":{"start":{"line":14,"column":56},"end":{"line":14,"column":88}},"2":{"start":{"line":19,"column":61},"end":{"line":19,"column":93}},"3":{"start":{"line":24,"column":60},"end":{"line":24,"column":92}}},"fnMap":{"0":{"name":"Header","decl":{"start":{"line":6,"column":9},"end":{"line":6,"column":18}},"loc":{"start":{"line":6,"column":18},"end":{"line":31,"column":null}}},"1":{"name":"(anonymous_1)","decl":{"start":{"line":14,"column":37},"end":{"line":14,"column":38}},"loc":{"start":{"line":14,"column":56},"end":{"line":14,"column":88}}},"2":{"name":"(anonymous_2)","decl":{"start":{"line":19,"column":42},"end":{"line":19,"column":43}},"loc":{"start":{"line":19,"column":61},"end":{"line":19,"column":93}}},"3":{"name":"(anonymous_3)","decl":{"start":{"line":24,"column":41},"end":{"line":24,"column":42}},"loc":{"start":{"line":24,"column":60},"end":{"line":24,"column":92}}}},"branchMap":{"0":{"loc":{"start":{"line":14,"column":56},"end":{"line":14,"column":88}},"type":"cond-expr","locations":[{"start":{"line":14,"column":67},"end":{"line":14,"column":83}},{"start":{"line":14,"column":83},"end":{"line":14,"column":88}}]},"1":{"loc":{"start":{"line":19,"column":61},"end":{"line":19,"column":93}},"type":"cond-expr","locations":[{"start":{"line":19,"column":72},"end":{"line":19,"column":88}},{"start":{"line":19,"column":88},"end":{"line":19,"column":93}}]},"2":{"loc":{"start":{"line":24,"column":60},"end":{"line":24,"column":92}},"type":"cond-expr","locations":[{"start":{"line":24,"column":71},"end":{"line":24,"column":87}},{"start":{"line":24,"column":87},"end":{"line":24,"column":92}}]}},"s":{"0":2,"1":4,"2":4,"3":4},"f":{"0":2,"1":4,"2":4,"3":4},"b":{"0":[1,3],"1":[1,3],"2":[1,3]}}
,"C:/Users/Ilmir/Desktop/JS/stage3/rs-react/src/components/Modal.tsx": {"path":"C:/Users/Ilmir/Desktop/JS/stage3/rs-react/src/components/Modal.tsx","statementMap":{"0":{"start":{"line":11,"column":14},"end":{"line":19,"column":null}},"1":{"start":{"line":12,"column":2},"end":{"line":12,"column":null}},"2":{"start":{"line":12,"column":13},"end":{"line":12,"column":null}},"3":{"start":{"line":13,"column":2},"end":{"line":17,"column":null}}},"fnMap":{"0":{"name":"(anonymous_0)","decl":{"start":{"line":11,"column":14},"end":{"line":11,"column":15}},"loc":{"start":{"line":11,"column":54},"end":{"line":19,"column":null}}}},"branchMap":{"0":{"loc":{"start":{"line":12,"column":2},"end":{"line":12,"column":null}},"type":"if","locations":[{"start":{"line":12,"column":2},"end":{"line":12,"column":null}},{"start":{"line":12,"column":2},"end":{"line":12,"column":null}}]}},"s":{"0":4,"1":4,"2":3,"3":1},"f":{"0":4},"b":{"0":[3,1]}}
,"C:/Users/Ilmir/Desktop/JS/stage3/rs-react/src/components/Search.tsx": {"path":"C:/Users/Ilmir/Desktop/JS/stage3/rs-react/src/components/Search.tsx","statementMap":{"0":{"start":{"line":8,"column":40},"end":{"line":8,"column":null}},"1":{"start":{"line":10,"column":2},"end":{"line":15,"column":null}},"2":{"start":{"line":11,"column":19},"end":{"line":11,"column":null}},"3":{"start":{"line":12,"column":4},"end":{"line":14,"column":null}},"4":{"start":{"line":13,"column":6},"end":{"line":13,"column":null}},"5":{"start":{"line":17,"column":23},"end":{"line":20,"column":null}},"6":{"start":{"line":18,"column":18},"end":{"line":18,"column":null}},"7":{"start":{"line":19,"column":4},"end":{"line":19,"column":null}},"8":{"start":{"line":22,"column":27},"end":{"line":25,"column":null}},"9":{"start":{"line":23,"column":4},"end":{"line":23,"column":null}},"10":{"start":{"line":24,"column":4},"end":{"line":24,"column":null}},"11":{"start":{"line":27,"column":2},"end":{"line":49,"column":null}},"12":{"start":{"line":31,"column":10},"end":{"line":31,"column":null}},"13":{"start":{"line":32,"column":10},"end":{"line":32,"column":null}},"14":{"start":{"line":42,"column":24},"end":{"line":42,"column":null}}},"fnMap":{"0":{"name":"Search","decl":{"start":{"line":7,"column":9},"end":{"line":7,"column":18}},"loc":{"start":{"line":7,"column":18},"end":{"line":51,"column":null}}},"1":{"name":"(anonymous_1)","decl":{"start":{"line":10,"column":12},"end":{"line":10,"column":18}},"loc":{"start":{"line":10,"column":18},"end":{"line":15,"column":5}}},"2":{"name":"(anonymous_2)","decl":{"start":{"line":17,"column":23},"end":{"line":17,"column":24}},"loc":{"start":{"line":17,"column":71},"end":{"line":20,"column":null}}},"3":{"name":"(anonymous_3)","decl":{"start":{"line":22,"column":27},"end":{"line":22,"column":33}},"loc":{"start":{"line":22,"column":33},"end":{"line":25,"column":null}}},"4":{"name":"(anonymous_4)","decl":{"start":{"line":30,"column":18},"end":{"line":30,"column":19}},"loc":{"start":{"line":30,"column":25},"end":{"line":33,"column":null}}},"5":{"name":"(anonymous_5)","decl":{"start":{"line":42,"column":18},"end":{"line":42,"column":24}},"loc":{"start":{"line":42,"column":24},"end":{"line":42,"column":null}}}},"branchMap":{"0":{"loc":{"start":{"line":12,"column":4},"end":{"line":14,"column":null}},"type":"if","locations":[{"start":{"line":12,"column":4},"end":{"line":14,"column":null}},{"start":{"line":12,"column":4},"end":{"line":14,"column":null}}]}},"s":{"0":20,"1":20,"2":3,"3":3,"4":1,"5":20,"6":16,"7":16,"8":20,"9":0,"10":0,"11":20,"12":0,"13":0,"14":0},"f":{"0":20,"1":3,"2":16,"3":0,"4":0,"5":0},"b":{"0":[1,2]}}
,"C:/Users/Ilmir/Desktop/JS/stage3/rs-react/src/pages/AboutUs.tsx": {"path":"C:/Users/Ilmir/Desktop/JS/stage3/rs-react/src/pages/AboutUs.tsx","statementMap":{"0":{"start":{"line":4,"column":2},"end":{"line":4,"column":null}},"1":{"start":{"line":5,"column":2},"end":{"line":5,"column":null}}},"fnMap":{"0":{"name":"About","decl":{"start":{"line":3,"column":9},"end":{"line":3,"column":17}},"loc":{"start":{"line":3,"column":17},"end":{"line":6,"column":null}}}},"branchMap":{},"s":{"0":1,"1":1},"f":{"0":1},"b":{}}
,"C:/Users/Ilmir/Desktop/JS/stage3/rs-react/src/pages/FormPage.tsx": {"path":"C:/Users/Ilmir/Desktop/JS/stage3/rs-react/src/pages/FormPage.tsx","statementMap":{"0":{"start":{"line":14,"column":38},"end":{"line":14,"column":null}},"1":{"start":{"line":16,"column":21},"end":{"line":18,"column":null}},"2":{"start":{"line":17,"column":4},"end":{"line":17,"column":null}},"3":{"start":{"line":17,"column":45},"end":{"line":17,"column":79}},"4":{"start":{"line":20,"column":2},"end":{"line":20,"column":null}},"5":{"start":{"line":21,"column":2},"end":{"line":32,"column":null}},"6":{"start":{"line":25,"column":36},"end":{"line":25,"column":54}},"7":{"start":{"line":29,"column":10},"end":{"line":29,"column":null}}},"fnMap":{"0":{"name":"FormPage","decl":{"start":{"line":13,"column":9},"end":{"line":13,"column":20}},"loc":{"start":{"line":13,"column":20},"end":{"line":34,"column":null}}},"1":{"name":"(anonymous_1)","decl":{"start":{"line":16,"column":21},"end":{"line":16,"column":22}},"loc":{"start":{"line":16,"column":42},"end":{"line":18,"column":null}}},"2":{"name":"(anonymous_2)","decl":{"start":{"line":17,"column":18},"end":{"line":17,"column":19}},"loc":{"start":{"line":17,"column":45},"end":{"line":17,"column":79}}},"3":{"name":"(anonymous_3)","decl":{"start":{"line":25,"column":26},"end":{"line":25,"column":27}},"loc":{"start":{"line":25,"column":36},"end":{"line":25,"column":54}}},"4":{"name":"(anonymous_4)","decl":{"start":{"line":28,"column":30},"end":{"line":28,"column":31}},"loc":{"start":{"line":29,"column":10},"end":{"line":29,"column":null}}}},"branchMap":{},"s":{"0":2,"1":2,"2":0,"3":0,"4":2,"5":2,"6":0,"7":0},"f":{"0":2,"1":0,"2":0,"3":0,"4":0},"b":{}}
,"C:/Users/Ilmir/Desktop/JS/stage3/rs-react/src/pages/Home.tsx": {"path":"C:/Users/Ilmir/Desktop/JS/stage3/rs-react/src/pages/Home.tsx","statementMap":{"0":{"start":{"line":7,"column":2},"end":{"line":7,"column":null}},"1":{"start":{"line":8,"column":2},"end":{"line":12,"column":null}}},"fnMap":{"0":{"name":"Home","decl":{"start":{"line":6,"column":9},"end":{"line":6,"column":16}},"loc":{"start":{"line":6,"column":16},"end":{"line":14,"column":null}}}},"branchMap":{},"s":{"0":1,"1":1},"f":{"0":1},"b":{}}
,"C:/Users/Ilmir/Desktop/JS/stage3/rs-react/src/pages/Page404.tsx": {"path":"C:/Users/Ilmir/Desktop/JS/stage3/rs-react/src/pages/Page404.tsx","statementMap":{"0":{"start":{"line":4,"column":2},"end":{"line":4,"column":null}}},"fnMap":{"0":{"name":"Page404","decl":{"start":{"line":3,"column":9},"end":{"line":3,"column":19}},"loc":{"start":{"line":3,"column":19},"end":{"line":5,"column":null}}}},"branchMap":{},"s":{"0":1},"f":{"0":1},"b":{}}
,"C:/Users/Ilmir/Desktop/JS/stage3/rs-react/src/utils/mock.ts": {"path":"C:/Users/Ilmir/Desktop/JS/stage3/rs-react/src/utils/mock.ts","statementMap":{"0":{"start":{"line":4,"column":2},"end":{"line":34,"column":null}},"1":{"start":{"line":6,"column":6},"end":{"line":33,"column":null}},"2":{"start":{"line":7,"column":8},"end":{"line":32,"column":null}}},"fnMap":{"0":{"name":"mock","decl":{"start":{"line":3,"column":9},"end":{"line":3,"column":16}},"loc":{"start":{"line":3,"column":16},"end":{"line":35,"column":null}}},"1":{"name":"(anonymous_1)","decl":{"start":{"line":5,"column":10},"end":{"line":5,"column":null}},"loc":{"start":{"line":6,"column":6},"end":{"line":33,"column":null}}},"2":{"name":"(anonymous_2)","decl":{"start":{"line":6,"column":18},"end":{"line":6,"column":19}},"loc":{"start":{"line":7,"column":8},"end":{"line":32,"column":null}}}},"branchMap":{},"s":{"0":2,"1":2,"2":2},"f":{"0":2,"1":2,"2":2},"b":{}}
}
